<?xml version="1.0" encoding="UTF-8"?>
<!-- Generated by org.testng.reporters.JUnitXMLReporter -->
<testsuite hostname="Rekhas-MacBook-Air.local" ignored="0" name="Test" tests="8" failures="0" timestamp="02 May 2018 00:40:29 GMT" time="5.499" errors="0">
  <testcase name="JiraUpdate" time="2.456" classname="com.restMaven.JiraUpdateComm"/>
  <testcase name="getPlaceApi" time="0.74" classname="com.restMaven.GetPlaceAPI"/>
  <testcase name="PostDataXml" time="0.289" classname="com.restMaven.PostDemoxml"/>
  <testcase name="ResultName" time="0.723" classname="com.restMaven.ExtractPlaceAPI"/>
  <testcase name="JiraAddComment" time="0.327" classname="com.restMaven.JiraAddComm"/>
  <testcase name="CreateIssue" time="0.184" classname="com.restMaven.JiraFirst"/>
  <testcase name="PostData" time="0.245" classname="com.restMaven.CreateplaceAPI"/>
  <testcase name="AddDelete" time="0.484" classname="com.restMaven.AddandDelete"/>
</testsuite> <!-- Test -->
