<?xml version="1.0" encoding="UTF-8"?>
<testng-results skipped="0" failed="0" ignored="0" total="8" passed="8">
  <reporter-output>
  </reporter-output>
  <suite name="Suite" duration-ms="5499" started-at="2018-05-02T00:40:23Z" finished-at="2018-05-02T00:40:29Z">
    <groups>
    </groups>
    <test name="Test" duration-ms="5499" started-at="2018-05-02T00:40:23Z" finished-at="2018-05-02T00:40:29Z">
      <class name="com.restMaven.PostDemoxml">
        <test-method status="PASS" signature="PostDataXml()[pri:0, instance:com.restMaven.PostDemoxml@3cda1055]" name="PostDataXml" duration-ms="289" started-at="2018-05-02T00:40:27Z" finished-at="2018-05-02T00:40:27Z">
          <reporter-output>
          </reporter-output>
        </test-method> <!-- PostDataXml -->
      </class> <!-- com.restMaven.PostDemoxml -->
      <class name="com.restMaven.GetPlaceAPI">
        <test-method status="PASS" signature="getPlaceApi()[pri:0, instance:com.restMaven.GetPlaceAPI@73f792cf]" name="getPlaceApi" duration-ms="740" started-at="2018-05-02T00:40:26Z" finished-at="2018-05-02T00:40:27Z">
          <reporter-output>
          </reporter-output>
        </test-method> <!-- getPlaceApi -->
      </class> <!-- com.restMaven.GetPlaceAPI -->
      <class name="com.restMaven.JiraUpdateComm">
        <test-method status="PASS" signature="JiraUpdate()[pri:0, instance:com.restMaven.JiraUpdateComm@668bc3d5]" name="JiraUpdate" duration-ms="2456" started-at="2018-05-02T00:40:24Z" finished-at="2018-05-02T00:40:26Z">
          <reporter-output>
          </reporter-output>
        </test-method> <!-- JiraUpdate -->
      </class> <!-- com.restMaven.JiraUpdateComm -->
      <class name="com.restMaven.ExtractPlaceAPI">
        <test-method status="PASS" signature="ResultName()[pri:0, instance:com.restMaven.ExtractPlaceAPI@7a5d012c]" name="ResultName" duration-ms="723" started-at="2018-05-02T00:40:27Z" finished-at="2018-05-02T00:40:28Z">
          <reporter-output>
          </reporter-output>
        </test-method> <!-- ResultName -->
      </class> <!-- com.restMaven.ExtractPlaceAPI -->
      <class name="com.restMaven.JiraFirst">
        <test-method status="PASS" signature="CreateIssue()[pri:0, instance:com.restMaven.JiraFirst@79b4d0f]" name="CreateIssue" duration-ms="184" started-at="2018-05-02T00:40:28Z" finished-at="2018-05-02T00:40:28Z">
          <reporter-output>
          </reporter-output>
        </test-method> <!-- CreateIssue -->
      </class> <!-- com.restMaven.JiraFirst -->
      <class name="com.restMaven.CreateplaceAPI">
        <test-method status="PASS" signature="PostData()[pri:0, instance:com.restMaven.CreateplaceAPI@6b2fad11]" name="PostData" duration-ms="245" started-at="2018-05-02T00:40:28Z" finished-at="2018-05-02T00:40:28Z">
          <reporter-output>
          </reporter-output>
        </test-method> <!-- PostData -->
      </class> <!-- com.restMaven.CreateplaceAPI -->
      <class name="com.restMaven.JiraAddComm">
        <test-method status="PASS" signature="JiraAddComment()[pri:0, instance:com.restMaven.JiraAddComm@3fb6a447]" name="JiraAddComment" duration-ms="327" started-at="2018-05-02T00:40:28Z" finished-at="2018-05-02T00:40:28Z">
          <reporter-output>
          </reporter-output>
        </test-method> <!-- JiraAddComment -->
      </class> <!-- com.restMaven.JiraAddComm -->
      <class name="com.restMaven.AddandDelete">
        <test-method status="PASS" signature="getData()[pri:0, instance:com.restMaven.AddandDelete@79698539]" name="getData" is-config="true" duration-ms="19" started-at="2018-05-02T00:40:23Z" finished-at="2018-05-02T00:40:23Z">
          <reporter-output>
          </reporter-output>
        </test-method> <!-- getData -->
        <test-method status="PASS" signature="getData()[pri:0, instance:com.restMaven.CreateplaceAPI@6b2fad11]" name="getData" is-config="true" duration-ms="0" started-at="2018-05-02T00:40:23Z" finished-at="2018-05-02T00:40:23Z">
          <reporter-output>
          </reporter-output>
        </test-method> <!-- getData -->
        <test-method status="PASS" signature="getData()[pri:0, instance:com.restMaven.ExtractPlaceAPI@7a5d012c]" name="getData" is-config="true" duration-ms="1" started-at="2018-05-02T00:40:23Z" finished-at="2018-05-02T00:40:23Z">
          <reporter-output>
          </reporter-output>
        </test-method> <!-- getData -->
        <test-method status="PASS" signature="getHost()[pri:0, instance:com.restMaven.JiraAddComm@3fb6a447]" name="getHost" is-config="true" duration-ms="0" started-at="2018-05-02T00:40:23Z" finished-at="2018-05-02T00:40:23Z">
          <reporter-output>
          </reporter-output>
        </test-method> <!-- getHost -->
        <test-method status="PASS" signature="getHost()[pri:0, instance:com.restMaven.JiraFirst@79b4d0f]" name="getHost" is-config="true" duration-ms="0" started-at="2018-05-02T00:40:23Z" finished-at="2018-05-02T00:40:23Z">
          <reporter-output>
          </reporter-output>
        </test-method> <!-- getHost -->
        <test-method status="PASS" signature="getHost()[pri:0, instance:com.restMaven.JiraUpdateComm@668bc3d5]" name="getHost" is-config="true" duration-ms="1" started-at="2018-05-02T00:40:23Z" finished-at="2018-05-02T00:40:24Z">
          <reporter-output>
          </reporter-output>
        </test-method> <!-- getHost -->
        <test-method status="PASS" signature="getData()[pri:0, instance:com.restMaven.PostDemoxml@3cda1055]" name="getData" is-config="true" duration-ms="0" started-at="2018-05-02T00:40:24Z" finished-at="2018-05-02T00:40:24Z">
          <reporter-output>
          </reporter-output>
        </test-method> <!-- getData -->
        <test-method status="PASS" signature="AddDelete()[pri:0, instance:com.restMaven.AddandDelete@79698539]" name="AddDelete" duration-ms="484" started-at="2018-05-02T00:40:28Z" finished-at="2018-05-02T00:40:29Z">
          <reporter-output>
          </reporter-output>
        </test-method> <!-- AddDelete -->
      </class> <!-- com.restMaven.AddandDelete -->
    </test> <!-- Test -->
  </suite> <!-- Suite -->
</testng-results>
